c:\users\modsi\source\repos\cbasiclanglearn\project1\debug\vc143.pdb
c:\users\modsi\source\repos\cbasiclanglearn\project1\debug\vc143.idb
c:\users\modsi\source\repos\cbasiclanglearn\project1\debug\exam-08-03.obj
c:\users\modsi\source\repos\cbasiclanglearn\project1\debug\exam-08-02.obj
c:\users\modsi\source\repos\cbasiclanglearn\project1\debug\exam-08-01.obj
c:\users\modsi\source\repos\cbasiclanglearn\project1\debug\exam-07-07.obj
c:\users\modsi\source\repos\cbasiclanglearn\project1\debug\exam-07-06.obj
c:\users\modsi\source\repos\cbasiclanglearn\project1\debug\exam-07-05.obj
c:\users\modsi\source\repos\cbasiclanglearn\project1\debug\exam-07-03.obj
c:\users\modsi\source\repos\cbasiclanglearn\project1\debug\exam-07-02.obj
c:\users\modsi\source\repos\cbasiclanglearn\project1\debug\exam-07-01.obj
c:\users\modsi\source\repos\cbasiclanglearn\project1\debug\exam-05-05.obj
c:\users\modsi\source\repos\cbasiclanglearn\project1\debug\exam-05-04.obj
c:\users\modsi\source\repos\cbasiclanglearn\project1\debug\exam-05-03.obj
c:\users\modsi\source\repos\cbasiclanglearn\project1\debug\exam-05-02.obj
c:\users\modsi\source\repos\cbasiclanglearn\project1\debug\exam-05-01.obj
c:\users\modsi\source\repos\cbasiclanglearn\project1\debug\exam-04-06.obj
c:\users\modsi\source\repos\cbasiclanglearn\project1\debug\exam-04-03.obj
c:\users\modsi\source\repos\cbasiclanglearn\project1\debug\exam-02-08.obj
c:\users\modsi\source\repos\cbasiclanglearn\project1\debug\exam-04-02.obj
c:\users\modsi\source\repos\cbasiclanglearn\project1\debug\exam-02-07.obj
c:\users\modsi\source\repos\cbasiclanglearn\project1\debug\exam-02-06.obj
c:\users\modsi\source\repos\cbasiclanglearn\project1\debug\test-09-05.obj
c:\users\modsi\source\repos\cbasiclanglearn\project1\debug\test-09-04.obj
c:\users\modsi\source\repos\cbasiclanglearn\project1\debug\test-09-03.obj
c:\users\modsi\source\repos\cbasiclanglearn\project1\debug\test-09-02.obj
c:\users\modsi\source\repos\cbasiclanglearn\project1\debug\test-09-01.obj
c:\users\modsi\source\repos\cbasiclanglearn\project1\debug\test-08-06.obj
c:\users\modsi\source\repos\cbasiclanglearn\project1\debug\test-08-04.obj
c:\users\modsi\source\repos\cbasiclanglearn\project1\debug\test-08-05.obj
c:\users\modsi\source\repos\cbasiclanglearn\project1\debug\test-08-03.obj
c:\users\modsi\source\repos\cbasiclanglearn\project1\debug\test-08-02.obj
c:\users\modsi\source\repos\cbasiclanglearn\project1\debug\test-08-01.obj
c:\users\modsi\source\repos\cbasiclanglearn\project1\debug\exam-09-05.obj
c:\users\modsi\source\repos\cbasiclanglearn\project1\debug\exam-09-04.obj
c:\users\modsi\source\repos\cbasiclanglearn\project1\debug\exam-09-03.obj
c:\users\modsi\source\repos\cbasiclanglearn\project1\debug\exam-09-02.obj
c:\users\modsi\source\repos\cbasiclanglearn\project1\debug\exam-08-08.obj
c:\users\modsi\source\repos\cbasiclanglearn\project1\debug\exam-08-08-goto.obj
c:\users\modsi\source\repos\cbasiclanglearn\project1\debug\exam-08-06.obj
c:\users\modsi\source\repos\cbasiclanglearn\project1\debug\exam-08-05.obj
c:\users\modsi\source\repos\cbasiclanglearn\project1\debug\exam-08-04.obj
c:\users\modsi\source\repos\cbasiclanglearn\project1\debug\test-09-09.obj
c:\users\modsi\source\repos\cbasiclanglearn\project1\debug\test-09-08.obj
c:\users\modsi\source\repos\cbasiclanglearn\project1\debug\test-09-07.obj
c:\users\modsi\source\repos\cbasiclanglearn\project1\debug\test-09-06.obj
c:\users\modsi\source\repos\cbasiclanglearn\project1\debug\exam-15-03.obj
c:\users\modsi\source\repos\cbasiclanglearn\project1\debug\exam-15-01.obj
c:\users\modsi\source\repos\cbasiclanglearn\project1\debug\exam-15-03-re.obj
c:\users\modsi\source\repos\cbasiclanglearn\project1\debug\exam-15-04.obj
c:\users\modsi\source\repos\cbasiclanglearn\project1\debug\exam-15-05.obj
c:\users\modsi\source\repos\cbasiclanglearn\project1\debug\test-15-01.obj
c:\users\modsi\source\repos\cbasiclanglearn\project1\debug\exam-15-07.obj
c:\users\modsi\source\repos\cbasiclanglearn\project1\debug\test-15-02.obj
c:\users\modsi\source\repos\cbasiclanglearn\project1\debug\test-15-05.obj
c:\users\modsi\source\repos\cbasiclanglearn\project1\debug\test-15-04.obj
c:\users\modsi\source\repos\cbasiclanglearn\project1\debug\exam-16-03.obj
c:\users\modsi\source\repos\cbasiclanglearn\debug\c_example.exe
c:\users\modsi\source\repos\cbasiclanglearn\project1\debug\c_example.ilk
c:\users\modsi\source\repos\cbasiclanglearn\debug\c_example.pdb
c:\users\user\source\repos\cbasiclanglearn\project1\debug\exam-02-06.obj
c:\users\user\source\repos\cbasiclanglearn\project1\debug\exam-02-07.obj
c:\users\user\source\repos\cbasiclanglearn\project1\debug\exam-02-08.obj
c:\users\user\source\repos\cbasiclanglearn\project1\debug\exam-04-02.obj
c:\users\user\source\repos\cbasiclanglearn\project1\debug\exam-04-03.obj
c:\users\user\source\repos\cbasiclanglearn\project1\debug\exam-04-06.obj
c:\users\user\source\repos\cbasiclanglearn\project1\debug\exam-05-01.obj
c:\users\user\source\repos\cbasiclanglearn\project1\debug\exam-05-02.obj
c:\users\user\source\repos\cbasiclanglearn\project1\debug\exam-05-03.obj
c:\users\user\source\repos\cbasiclanglearn\project1\debug\exam-05-04.obj
c:\users\user\source\repos\cbasiclanglearn\project1\debug\exam-05-05.obj
c:\users\user\source\repos\cbasiclanglearn\project1\debug\exam-07-01.obj
c:\users\user\source\repos\cbasiclanglearn\project1\debug\exam-07-02.obj
c:\users\user\source\repos\cbasiclanglearn\project1\debug\exam-07-03.obj
c:\users\user\source\repos\cbasiclanglearn\project1\debug\exam-07-05.obj
c:\users\user\source\repos\cbasiclanglearn\project1\debug\exam-07-06.obj
c:\users\user\source\repos\cbasiclanglearn\project1\debug\exam-07-07.obj
c:\users\user\source\repos\cbasiclanglearn\project1\debug\exam-08-01.obj
c:\users\user\source\repos\cbasiclanglearn\project1\debug\exam-08-02.obj
c:\users\user\source\repos\cbasiclanglearn\project1\debug\exam-08-03.obj
c:\users\user\source\repos\cbasiclanglearn\project1\debug\exam-08-04.obj
c:\users\user\source\repos\cbasiclanglearn\project1\debug\exam-08-05.obj
c:\users\user\source\repos\cbasiclanglearn\project1\debug\exam-08-06.obj
c:\users\user\source\repos\cbasiclanglearn\project1\debug\exam-08-08-goto.obj
c:\users\user\source\repos\cbasiclanglearn\project1\debug\exam-08-08.obj
c:\users\user\source\repos\cbasiclanglearn\project1\debug\exam-09-02.obj
c:\users\user\source\repos\cbasiclanglearn\project1\debug\exam-09-03.obj
c:\users\user\source\repos\cbasiclanglearn\project1\debug\exam-09-04.obj
c:\users\user\source\repos\cbasiclanglearn\project1\debug\exam-09-05.obj
c:\users\user\source\repos\cbasiclanglearn\project1\debug\exam-15-01.obj
c:\users\user\source\repos\cbasiclanglearn\project1\debug\exam-15-03-re.obj
c:\users\user\source\repos\cbasiclanglearn\project1\debug\exam-15-03.obj
c:\users\user\source\repos\cbasiclanglearn\project1\debug\exam-15-04.obj
c:\users\user\source\repos\cbasiclanglearn\project1\debug\exam-15-05.obj
c:\users\user\source\repos\cbasiclanglearn\project1\debug\exam-15-07.obj
c:\users\user\source\repos\cbasiclanglearn\project1\debug\exam-16-03.obj
c:\users\user\source\repos\cbasiclanglearn\project1\debug\exam_02_08.obj
c:\users\user\source\repos\cbasiclanglearn\project1\debug\test-08-01.obj
c:\users\user\source\repos\cbasiclanglearn\project1\debug\test-08-02.obj
c:\users\user\source\repos\cbasiclanglearn\project1\debug\test-08-03.obj
c:\users\user\source\repos\cbasiclanglearn\project1\debug\test-08-04.obj
c:\users\user\source\repos\cbasiclanglearn\project1\debug\test-08-05.obj
c:\users\user\source\repos\cbasiclanglearn\project1\debug\test-08-06.obj
c:\users\user\source\repos\cbasiclanglearn\project1\debug\test-09-01.obj
c:\users\user\source\repos\cbasiclanglearn\project1\debug\test-09-02.obj
c:\users\user\source\repos\cbasiclanglearn\project1\debug\test-09-03.obj
c:\users\user\source\repos\cbasiclanglearn\project1\debug\test-09-04.obj
c:\users\user\source\repos\cbasiclanglearn\project1\debug\test-09-05.obj
c:\users\user\source\repos\cbasiclanglearn\project1\debug\test-09-06.obj
c:\users\user\source\repos\cbasiclanglearn\project1\debug\test-09-07.obj
c:\users\user\source\repos\cbasiclanglearn\project1\debug\test-09-08.obj
c:\users\user\source\repos\cbasiclanglearn\project1\debug\test-09-09.obj
c:\users\user\source\repos\cbasiclanglearn\project1\debug\test-15-01.obj
c:\users\user\source\repos\cbasiclanglearn\project1\debug\test-15-02.obj
c:\users\user\source\repos\cbasiclanglearn\project1\debug\test-15-04.obj
c:\users\user\source\repos\cbasiclanglearn\project1\debug\test-15-05.obj
c:\users\user\source\repos\cbasiclanglearn\project1\debug\test01.obj
c:\users\user\source\repos\cbasiclanglearn\project1\debug\test_08_04.obj
c:\users\user\source\repos\cbasiclanglearn\project1\debug\c_example.ilk
c:\users\user\source\repos\cbasiclanglearn\project1\debug\project1.ilk
c:\users\user\source\repos\cbasiclanglearn\project1\debug\vc142.idb
c:\users\user\source\repos\cbasiclanglearn\project1\debug\vc143.idb
c:\users\user\source\repos\cbasiclanglearn\project1\debug\vc142.pdb
c:\users\user\source\repos\cbasiclanglearn\project1\debug\vc143.pdb
c:\users\user\source\repos\cbasiclanglearn\debug\c_example.pdb
c:\users\user\source\repos\cbasiclanglearn\debug\c_example.exe
c:\users\user\source\repos\cbasiclanglearn\project1\debug\c_example.tlog\cl.command.1.tlog
c:\users\user\source\repos\cbasiclanglearn\project1\debug\c_example.tlog\cl.read.1.tlog
c:\users\user\source\repos\cbasiclanglearn\project1\debug\c_example.tlog\cl.write.1.tlog
c:\users\user\source\repos\cbasiclanglearn\project1\debug\c_example.tlog\link.command.1.tlog
c:\users\user\source\repos\cbasiclanglearn\project1\debug\c_example.tlog\link.read.1.tlog
c:\users\user\source\repos\cbasiclanglearn\project1\debug\c_example.tlog\link.write.1.tlog
